<?xml version="1.0" encoding="UTF-8"?>
<testsuites name="Demo Suite Collections" time="8.233" tests="1" failures="0" errors="0">
   <testsuite name="Demo Katalon Suite" tests="1" failures="0" errors="0" time="6.396" skipped="0" timestamp="12-03-2025T13:36:36" hostname="lokeshguppta - 192.168.1.3" id="Test Suites/Demo Katalon Suite">
      <properties>
         <property name="deviceName" value=""/>
         <property name="devicePlatform"/>
         <property name="logFolder" value="/Users/lokeshguppta/Katalon Studio/PR_1/katRepo/Reports/20250312_133633/Demo Katalon Suite/20250312_133634"/>
         <property name="logFiles" value="/Users/lokeshguppta/Katalon Studio/PR_1/katRepo/Reports/20250312_133633/Demo Katalon Suite/20250312_133634/execution0.log"/>
         <property name="attachments" value=""/>
         <property name="hostName" value="lokeshguppta - 192.168.1.3"/>
         <property name="os" value="Mac OS X 64bit"/>
         <property name="katalonVersion" value="10.1.0.223"/>
         <property name="browser" value="Chrome 134.0.6998.89"/>
         <property name="hostAddress" value="192.168.1.3"/>
         <property name="sessionId" value="d7146a83d9fc3b5e0f4ac5610dcac62f"/>
         <property name="seleniumVersion" value="4.22.0"/>
         <property name="proxyInformation" value="ProxyInformation { proxyOption=NO_PROXY, proxyServerType=HTTP, username=, password=********, proxyServerAddress=, proxyServerPort=0, executionList=&quot;&quot;, isApplyToDesiredCapabilities=true }"/>
         <property name="platform" value="Mac OS X"/>
      </properties>
      <testcase name="Test Cases/Demo Katalon" time="6.321" classname="Test Cases/Demo Katalon" status="PASSED">
         <system-out><![CDATA[12-03-2025T13:36:36 - [TEST_CASE][PASSED] - Test Cases/Demo Katalon: Test Cases/Demo Katalon

12-03-2025T13:36:37 - [TEST_STEP][PASSED] - openBrowser(""): Browser is opened with url: ''

12-03-2025T13:36:37 - [MESSAGE][INFO] - Starting 'Chrome' driver

12-03-2025T13:36:37 - [MESSAGE][INFO] - Action delay is set to 0 milliseconds

12-03-2025T13:36:39 - [MESSAGE][PASSED] - Browser is opened with url: ''

12-03-2025T13:36:39 - [TEST_STEP][PASSED] - navigateToUrl("https://katalon-demo-cura.herokuapp.com/"): Navigate to 'https://katalon-demo-cura.herokuapp.com/' successfully

12-03-2025T13:36:41 - [MESSAGE][PASSED] - Navigate to 'https://katalon-demo-cura.herokuapp.com/' successfully

12-03-2025T13:36:41 - [TEST_STEP][PASSED] - click(findTestObject("Object Repository/Page_CURA Healthcare Service/a_Make Appointment")): Object: 'Object Repository/Page_CURA Healthcare Service/a_Make Appointment' is clicked on

12-03-2025T13:36:42 - [MESSAGE][PASSED] - Object: 'Object Repository/Page_CURA Healthcare Service/a_Make Appointment' is clicked on

12-03-2025T13:36:42 - [TEST_STEP][PASSED] - click(findTestObject("Object Repository/Page_CURA Healthcare Service/button_Login")): Object: 'Object Repository/Page_CURA Healthcare Service/button_Login' is clicked on

12-03-2025T13:36:43 - [MESSAGE][PASSED] - Object: 'Object Repository/Page_CURA Healthcare Service/button_Login' is clicked on]]></system-out>
         <system-err><![CDATA[]]></system-err>
      </testcase>
      <system-out><![CDATA[12-03-2025T13:36:36 - [TEST_SUITE][PASSED] - Demo Katalon Suite: Test Cases/Demo Katalon]]></system-out>
      <system-err><![CDATA[]]></system-err>
   </testsuite>
</testsuites>
